=== VERIFICATION START: Sat Apr 18 12:53:38 CEST 2026 ===

--- STEP 1: ACQUISITION ---
=== Iberdrola Datathon: Data Acquisition Orchestrator ===

Sequence: roads, traffic, vehicle_registrations, chargers, electric_capacity, gas_stations
Force Flag: False
Skipping 'roads': Raw file already exists at data/raw/roads/roads.kmz
Skipping 'traffic': Raw file already exists at data/raw/traffic/geometria/Geometria_tramos.shp
Skipping 'vehicle_registrations': Raw data already exists in data/raw/vehicle_registrations
Skipping 'chargers': Raw file already exists at data/raw/chargers/chargers.xml
Skipping 'electric_capacity': Raw data already exists in data/raw/electric_capacity
Skipping 'gas_stations': Raw file already exists at data/raw/gas_stations/gas_stations.json

=== All downloads finished successfully ===

--- STEP 2: STANDARDIZATION ---
=== Iberdrola Datathon: Data Standardization Orchestrator ===


>>> RUNNING STANDARDIZATION: Roads (standardize_roads.py)
🚀 Standardizing Roads from data/raw/roads/roads.kmz...
 - Loading KMZ data...
 - Extracting metadata from description...
 - Projecting to EPSG:25830...
 - Calculating length_m...
 - Saving to data/standardized/roads.parquet...
✨ SUCCESS: Roads standardized (1591 segments).

>>> RUNNING STANDARDIZATION: Traffic (standardize_traffic.py)
🚀 Standardizing Traffic from data/raw/traffic/informacion_tramo and data/raw/traffic/geometria/Geometria_tramos.shp...
 - Merging daily traffic CSVs...
 - Joining 5 datasets...
 - Loading Geometry SHP...
 - Projecting to EPSG:25830...
 - Joining geometry and traffic data...
 - Saving to data/standardized/traffic.parquet...
✨ SUCCESS: Traffic standardized (337976 segments).

>>> RUNNING STANDARDIZATION: EV Chargers (standardize_chargers.py)
🚀 Standardizing Chargers from data/raw/chargers/chargers.xml...
 - Parsing XML from data/raw/chargers/chargers.xml...
 - Filtering ultra-fast chargers (> 100kW)...
 - Projecting to EPSG:25830...
 - Grouping by site and location...
 - Saving to data/standardized/chargers.parquet...
✨ SUCCESS: Chargers standardized (1298 sites).

>>> RUNNING STANDARDIZATION: Electric Capacity (standardize_electric_capacity.py)
🚀 Standardizing Electric Capacity from data/raw/electric_capacity...
 - Loading Endesa from Endesa_2026_04_01.xlsx...
 - Loading Iberdrola from Iberdrola_2026_04_01.xlsx...
 - Loading Viesgo from Viesgo_2026_04_01.xlsx...
 - Saving to data/standardized/electric_capacity.parquet...
✨ SUCCESS: Electric Capacity standardized (5035 entries).

>>> RUNNING STANDARDIZATION: Vehicle Registrations (standardize_vehicle_registrations.py)
🚀 Standardizing Vehicle Registrations from data/raw/vehicle_registrations...
 - Unzipping and parsing 134 files...
 - Merging and saving output...
✨ SUCCESS: Vehicle Registrations standardized (12969460 filtered records).

>>> RUNNING STANDARDIZATION: Gas Stations (standardize_gas_stations.py)
🚀 Standardizing Gas Stations from data/raw/gas_stations/gas_stations.json...
 - Converting coordinates to GeoPandas points...
 - Projecting to EPSG:25830 and renaming columns...
 - Saving to data/standardized/gas_stations.parquet...
✨ SUCCESS: Gas Stations standardized (12204 stations).

✅ All requested standardization steps completed successfully.
Files available in: data/standardized/

--- STEP 3: CLOUD SYNC ---
=== Iberdrola Datathon: Cloud Data Sync ===

 - Downloading roads.parquet from cloud...
 - Downloading traffic.parquet from cloud...
 - Downloading chargers.parquet from cloud...
 - Downloading electric_capacity.parquet from cloud...
 - Downloading vehicle_registrations.parquet from cloud...
 - Downloading gas_stations.parquet from cloud...

✅ Sync complete: 6 succeeded, 0 failed.

--- STEP 4: PROCESSING ---
=== Iberdrola Datathon: Data Processing Orchestrator ===

Sequence: backbone_foundation
Force Flag: True

>>> Executing Step: backbone_foundation
🚀 Starting Backbone Foundation Creation...
 - Discretizing backbones into points (Interval=200m)...
 - Mapping traffic columns ['total_max', 'short_max'] (Buffer=50m)...
   Mapping columns: ['total_max', 'short_max']
 - Assigning nearest charging stations (MaxDist=10000)...
 - Assigning nearest gas stations (MaxDist=10000)...
 - Saving final foundation dataset to data/processed/backbone_foundation.parquet...
✨ SUCCESS: Created foundation with 147288 points.
   Time elapsed: 59.1s

=== All processing tasks finished successfully ===

=== VERIFICATION COMPLETE: Sat Apr 18 12:58:15 CEST 2026 ===
